  Binasc.cpp
..\src-library\Binasc.cpp(1377): warning C4244: 'initializing': conversion from 'ulong' to 'uchar', possible loss of data
  MidiEvent.cpp
  MidiEventList.cpp
  MidiFile.cpp
..\src-library\MidiFile.cpp(1288): warning C4996: 'strncpy': This function or variable may be unsafe. Consider using strncpy_s instead. To disable deprecation, use _CRT_SECURE_NO_WARNINGS. See online help for details.
  C:\Program Files (x86)\Windows Kits\10\Include\10.0.10240.0\ucrt\string.h(346): note: see declaration of 'strncpy'
..\src-library\MidiFile.cpp(1292): warning C4996: 'strncpy': This function or variable may be unsafe. Consider using strncpy_s instead. To disable deprecation, use _CRT_SECURE_NO_WARNINGS. See online help for details.
  C:\Program Files (x86)\Windows Kits\10\Include\10.0.10240.0\ucrt\string.h(346): note: see declaration of 'strncpy'
..\src-library\MidiFile.cpp(2095): warning C4244: 'return': conversion from 'double' to 'int', possible loss of data
..\src-library\MidiFile.cpp(2163): warning C4244: 'initializing': conversion from 'double' to 'int', possible loss of data
..\src-library\MidiFile.cpp(2259): warning C4244: 'return': conversion from 'double' to 'int', possible loss of data
..\src-library\MidiFile.cpp(2312): warning C4244: 'return': conversion from 'double' to 'int', possible loss of data
  MidiMessage.cpp
..\src-library\MidiMessage.cpp(1343): warning C4267: 'argument': conversion from 'size_t' to 'unsigned char', possible loss of data
  Options.cpp
..\src-library\Options.cpp(971): warning C4996: 'strcpy': This function or variable may be unsafe. Consider using strcpy_s instead. To disable deprecation, use _CRT_SECURE_NO_WARNINGS. See online help for details.
  C:\Program Files (x86)\Windows Kits\10\Include\10.0.10240.0\ucrt\string.h(119): note: see declaration of 'strcpy'
..\src-library\Options.cpp(993): warning C4996: 'strcpy': This function or variable may be unsafe. Consider using strcpy_s instead. To disable deprecation, use _CRT_SECURE_NO_WARNINGS. See online help for details.
  C:\Program Files (x86)\Windows Kits\10\Include\10.0.10240.0\ucrt\string.h(119): note: see declaration of 'strcpy'
..\src-library\Options.cpp(1002): warning C4996: 'strcpy': This function or variable may be unsafe. Consider using strcpy_s instead. To disable deprecation, use _CRT_SECURE_NO_WARNINGS. See online help for details.
  C:\Program Files (x86)\Windows Kits\10\Include\10.0.10240.0\ucrt\string.h(119): note: see declaration of 'strcpy'
  midifile.vcxproj -> D:\github\midifile\visual-studio\ReleaseLib\midifile.lib
